<?xml version="1.0" encoding="UTF-8"?>
<!-- Generated by org.testng.reporters.JUnitReportReporter -->
<testsuite skipped="0" hostname="DESKTOP-TE56L5H" name="ebay.in.tests.BuyProductTests" tests="2" failures="0" timestamp="31 May 2019 07:02:35 GMT" time="52.106" errors="0">
  <testcase name="buyProductAfterSimpleSearch" time="25.236" classname="ebay.in.tests.BuyProductTests"/>
  <testcase name="buyProductAfterCategoryBasedSearch" time="26.870" classname="ebay.in.tests.BuyProductTests"/>
</testsuite> <!-- ebay.in.tests.BuyProductTests -->
