<?xml version="1.0" encoding="UTF-8"?>
<!-- Generated by org.testng.reporters.JUnitReportReporter -->
<testsuite skipped="0" hostname="DESKTOP-TE56L5H" name="ebay.in.tests.SearchProductTests" tests="3" failures="0" timestamp="31 May 2019 07:02:35 GMT" time="31.814" errors="0">
  <testcase name="simpleSearchProduct" time="11.714" classname="ebay.in.tests.SearchProductTests"/>
  <testcase name="searchProductByCategory" time="8.249" classname="ebay.in.tests.SearchProductTests"/>
  <testcase name="searchProductFromPopularDestinationsSection" time="11.851" classname="ebay.in.tests.SearchProductTests"/>
</testsuite> <!-- ebay.in.tests.SearchProductTests -->
