<?xml version="1.0" encoding="UTF-8"?>
<!-- Generated by org.testng.reporters.JUnitReportReporter -->
<testsuite skipped="0" hostname="DESKTOP-TE56L5H" name="ebay.in.tests.SearchProductTests" tests="4" failures="0" timestamp="03 Jun 2019 06:36:07 GMT" time="121.730" errors="0">
  <testcase name="verifyNavbarElements" time="4.739" classname="ebay.in.tests.SearchProductTests"/>
  <testcase name="simpleSearchProduct" time="49.779" classname="ebay.in.tests.SearchProductTests"/>
  <testcase name="searchProductByCategory" time="31.978" classname="ebay.in.tests.SearchProductTests"/>
  <testcase name="searchProductFromPopularDestinationsSection" time="35.234" classname="ebay.in.tests.SearchProductTests"/>
</testsuite> <!-- ebay.in.tests.SearchProductTests -->
