<?xml version="1.0" encoding="UTF-8"?>
<!-- Generated by org.testng.reporters.JUnitReportReporter -->
<testsuite skipped="0" hostname="DESKTOP-TE56L5H" name="ebay.in.tests.HomePageTest" tests="2" failures="0" timestamp="30 May 2019 07:13:44 GMT" time="37.370" errors="0">
  <testcase name="testTitle" time="3.442" classname="ebay.in.tests.HomePageTest"/>
  <testcase name="testProductSearch" time="33.928" classname="ebay.in.tests.HomePageTest"/>
</testsuite> <!-- ebay.in.tests.HomePageTest -->
